---------------------------------------------------
M.U.G.E.N ver 1.1.0 Beta 1 P1 (2013.08.11) status log
---------------------------------------------------
Parsing command line...
Command line: mugen.exe -p1 -p1.color -p1.ai -p2 -p2.color -p2.ai -rounds
Parse command line OK
Initializing...
Allocating game variables
Reading configuration file...Setting language "ja".
OK
Initializing timer...performance timer enabled...frequency 10000000...OK
Initializing keyboard...configuring...OK
Initializing input engine...OK
Initializing sound...OK
Initializing BGM...  OK
Initializing graphics...gameCoord 1280x960...render mode 2_20...trying 800x600x32 mode 0x0...success...OK
Setting callbacks...OK
Initializing font...OK
Initializing game variables...OK
Session RNG seed is 1756827241
Loading system fonts...OK
Loading options...
Initializing pads...failed
Reinitializing input engine...OK
Remapping keys...OK
Reinitializing input engine...OK
Options loaded OK
Loading system...
  Load system file system.def...OK
  Load system spr...OK
  Load system snd...OK
  Load system fonts...OK
  Load system anim...OK
  Load [Title Info]...OK
  Load [Option Info]...OK
  Load [Select Info]...OK
  Load [VS Screen]...OK
  Load [Victory Screen]...OK
  Load [Demo Mode]...OK
  Load [Continue Screen]...OK
  Load [Game Over Screen]...OK
  Load [Win Screen]...OK
  Load [Survival Results Screen]...OK
  Load [Default Ending]...OK
  Load [End Credits]...OK
  Load TitleBG...VersusBG...VictoryBG...SelectBG...OptionBG...OK
  Loading fight data
    Opening fight data file data/mugen1/fight.def...OK
    Reading [Files]...OK
    Loading fonts...OK
    Load fight anim...OK
    Reading [Lifebar]...[Turns Lifebar]...[Simul Lifebar]...[Powerbar]...
    [Face]...[Simul Face]...[Turns Face]...
    [Name]...[Simul Name]...[Turns Name]...
    [Time]...[Combo]...[Round]...[WinIcon]...OK
    Allocating explods...OK
  Fight data loaded OK
Lua initing
Lua init complete
System loaded OK
Initialize OK
Set up graphics...timer...OK
Playing quick VS.

Entering gameflow loop
Gameflow 0
Gameflow 1
Gameflow 2
Initializing character info...OK
Gameflow 3
Gameflow 6
Reset persist vars team 0
Reset persist vars team 1
Gameflow 8
Gameflow 9
Gameflow 10
Gameflow 11
Unloading system background data...sprite data...OK
Loading match assets...
Loading stage...
  Loading BG...OK
Stage loaded OK
  Allocating helpers...OK
Match RNG seed: 1242776885
Reset persist vars team 0
Reset persist vars team 1
Loading character chars/KFM_CN/KFM_CN.def...
  Loading info...OK
  Loading cmd command set kfm.cmd...OK
  Loading cns kfm.cns...OK
  Loading cns AI.cns...OK
  Loading cmd state entry kfm.cmd...OK
  Loading common states common1.cns...OK
  Loading sff kfm.sff...OK
  Loading anim kfm.air...OK
  Loading snd kfm.snd...OK
  Loading pals...OK
  21228 expressions (10875 on trigger lines)
Character KFM_CN.def loaded OK
New char Kung Fu Man CN loaded into cache: (1/4 cached) Load time: 80.000ms
Player Kung Fu Man CN cache count increased: 2
Resetting round
Match assets initialized OK
Game loop init
Match loop init
Resetting round
Resetting round
Resetting round
Resetting round
Resetting round
Resetting round
Resetting round
End of match loop
Total time: 404.10s
Total frames: 24251 	Skipped frames: 0
Avg game rate: 60.01
Avg frame rate: 60.01

Finishing match
Freeing players
Save persist vars P56 Kung Fu Man CN
Player Kung Fu Man CN cache count reduced: 1
Save persist vars P57 Kung Fu Man CN
Player Kung Fu Man CN cache count reduced: 0
Match RNG closed
Game loop deinit
Returned from gameflow loop
Deinitializing...
Frames      : 24251
Time elapsed: 404.190 sec
ticks: 40419, tps: 100, start 70, end 40489

Unloading match assets
Freeing players
Unloading stage...OK
Clearing player cache...Freeing player RC Kung Fu Man CN...CMD...CNS...SFF...AIR...SND...Misc...OK
OK
Freeing character info...OK
Freeing fight data...OK
Freeing system data...OK
Freeing game variables...Unloading match assets
Freeing players
OK
Deinitializing input...pad...keyboard...OK
Removing callbacks...OK
Deintializing timer...OK
Deinitializing graphics...OK
Deinitializing BGM...OK
Deinitializing sound...OK
Successful program termination.

Log file successfully closed.
